<?xml version="1.0" encoding="UTF-8"?>
<!-- Generated by org.testng.reporters.JUnitReportReporter -->
<testsuite skipped="0" hostname="DESKTOP-INQUNRP" name="com.SalesForcePageFactory.login.LoginTest" tests="1" failures="0" timestamp="20 Sep 2020 20:47:13 GMT" time="7.111" errors="0">
  <testcase name="loginTestWithValidCredential" time="7.111" classname="com.SalesForcePageFactory.login.LoginTest"/>
</testsuite> <!-- com.SalesForcePageFactory.login.LoginTest -->
