<?xml version="1.0" encoding="UTF-8"?>
<!-- Generated by org.testng.reporters.JUnitReportReporter -->
<testsuite skipped="0" hostname="DESKTOP-INQUNRP" name="com.SalesForcePageFactory.login.LoginTest" tests="1" failures="0" timestamp="28 Aug 2020 22:15:19 GMT" time="0.014" errors="0">
  <testcase name="loginTestWithValidCredential" time="0.014" classname="com.SalesForcePageFactory.login.LoginTest"/>
</testsuite> <!-- com.SalesForcePageFactory.login.LoginTest -->
