<?xml version="1.0" encoding="UTF-8"?>
<!-- Generated by org.testng.reporters.JUnitReportReporter -->
<testsuite skipped="0" hostname="DESKTOP-INQUNRP" name="com.SalesForcePageFactory.login.LoginTest" tests="1" failures="0" timestamp="14 Sep 2020 01:27:07 GMT" time="1.515" errors="0">
  <testcase name="loginTestWithValidCredential" time="1.515" classname="com.SalesForcePageFactory.login.LoginTest"/>
</testsuite> <!-- com.SalesForcePageFactory.login.LoginTest -->
