<?xml version="1.0" encoding="UTF-8"?>
<!-- Generated by org.testng.reporters.JUnitReportReporter -->
<testsuite skipped="0" hostname="DESKTOP-INQUNRP" name="com.SalesForcePageFactory.login.Login_WithConstructorTest" tests="1" failures="0" timestamp="20 Sep 2020 22:49:12 GMT" time="2.273" errors="0">
  <testcase name="loginWithValidCredentialTest" time="2.273" classname="com.SalesForcePageFactory.login.Login_WithConstructorTest"/>
</testsuite> <!-- com.SalesForcePageFactory.login.Login_WithConstructorTest -->
